C:\USERS\IFEIYUYU\DOCUMENTS\TUIO_CPP\DEBUG\LIBTUIO.DLL
C:\USERS\IFEIYUYU\DOCUMENTS\TUIO_CPP\DEBUG\LIBTUIO.PDB
C:\USERS\IFEIYUYU\DOCUMENTS\TUIO_CPP\DEBUG\LIBTUIO\.NETFRAMEWORK,VERSION=V4.0.ASSEMBLYATTRIBUTES.OBJ
C:\Users\ifeiyuyu\Documents\TUIO_CPP\Debug\libTUIO\cl.command.1.tlog
C:\Users\ifeiyuyu\Documents\TUIO_CPP\Debug\libTUIO\CL.read.1.tlog
C:\Users\ifeiyuyu\Documents\TUIO_CPP\Debug\libTUIO\CL.write.1.tlog
C:\USERS\IFEIYUYU\DOCUMENTS\TUIO_CPP\DEBUG\LIBTUIO\LIBTUIO.DLL.INTERMEDIATE.MANIFEST
C:\Users\ifeiyuyu\Documents\TUIO_CPP\Debug\libTUIO\libTUIO.vcxprojResolveAssemblyReference.cache
C:\Users\ifeiyuyu\Documents\TUIO_CPP\Debug\libTUIO\libTUIO.write.1.tlog
C:\Users\ifeiyuyu\Documents\TUIO_CPP\Debug\libTUIO\link.command.1.tlog
C:\Users\ifeiyuyu\Documents\TUIO_CPP\Debug\libTUIO\link.read.1.tlog
C:\Users\ifeiyuyu\Documents\TUIO_CPP\Debug\libTUIO\link.read.2.tlog
C:\Users\ifeiyuyu\Documents\TUIO_CPP\Debug\libTUIO\link.write.1.tlog
C:\Users\ifeiyuyu\Documents\TUIO_CPP\Debug\libTUIO\mt.command.1.tlog
C:\Users\ifeiyuyu\Documents\TUIO_CPP\Debug\libTUIO\mt.read.1.tlog
C:\Users\ifeiyuyu\Documents\TUIO_CPP\Debug\libTUIO\mt.write.1.tlog
C:\USERS\IFEIYUYU\DOCUMENTS\TUIO_CPP\DEBUG\LIBTUIO\NETWORKINGUTILS.OBJ
C:\USERS\IFEIYUYU\DOCUMENTS\TUIO_CPP\DEBUG\LIBTUIO\OSCOUTBOUNDPACKETSTREAM.OBJ
C:\USERS\IFEIYUYU\DOCUMENTS\TUIO_CPP\DEBUG\LIBTUIO\OSCPRINTRECEIVEDELEMENTS.OBJ
C:\USERS\IFEIYUYU\DOCUMENTS\TUIO_CPP\DEBUG\LIBTUIO\OSCRECEIVEDELEMENTS.OBJ
C:\USERS\IFEIYUYU\DOCUMENTS\TUIO_CPP\DEBUG\LIBTUIO\OSCTYPES.OBJ
C:\USERS\IFEIYUYU\DOCUMENTS\TUIO_CPP\DEBUG\LIBTUIO\TUIOCLIENT.OBJ
C:\USERS\IFEIYUYU\DOCUMENTS\TUIO_CPP\DEBUG\LIBTUIO\TUIOSERVER.OBJ
C:\USERS\IFEIYUYU\DOCUMENTS\TUIO_CPP\DEBUG\LIBTUIO\TUIOTIME.OBJ
C:\USERS\IFEIYUYU\DOCUMENTS\TUIO_CPP\DEBUG\LIBTUIO\UDPSOCKET.OBJ
C:\USERS\IFEIYUYU\DOCUMENTS\TUIO_CPP\DEBUG\LIBTUIO\VC100.PDB
Debug\libTUIO.pdb
