Build started 8/5/2014 5:15:57 PM.
     1>Project "C:\Users\ifeiyuyu\Documents\TUIO_CPP\TuioDemo.vcxproj" on node 4 (build target(s)).
     1>InitializeBuildStatus:
         Creating "Debug\TuioDemo\TuioDemo.unsuccessfulbuild" because "AlwaysCreate" was specified.
       ClCompile:
         C:\Program Files (x86)\Microsoft Visual Studio 10.0\VC\bin\CL.exe /c /I.\TUIO /I.\sdl\include /I.\oscpack /ZI /nologo /W2 /WX- /Od /Oy- /D WIN32 /D _DEBUG /D _CONSOLE /D ENDIANESS=OSC_HOST_LITTLE_ENDIAN /D _VC80_UPGRADE=0x0710 /D _MBCS /Gm /EHsc /RTC1 /MTd /GS /fp:precise /Zc:wchar_t /Zc:forScope /Fo"Debug\TuioDemo\\" /Fd"Debug\TuioDemo\vc100.pdb" /Gd /TP /analyze- /errorReport:prompt TuioDemo.cpp oscpack\ip\win32\NetworkingUtils.cpp oscpack\osc\OscPrintReceivedElements.cpp oscpack\osc\OscReceivedElements.cpp oscpack\osc\OscTypes.cpp oscpack\ip\win32\UdpSocket.cpp TUIO\TuioClient.cpp TUIO\TuioTime.cpp
         TuioTime.cpp
         TuioClient.cpp
         UdpSocket.cpp
         OscTypes.cpp
         OscReceivedElements.cpp
         OscPrintReceivedElements.cpp
         NetworkingUtils.cpp
         TuioDemo.cpp
         Generating Code...
       Link:
         C:\Program Files (x86)\Microsoft Visual Studio 10.0\VC\bin\link.exe /ERRORREPORT:PROMPT /OUT:"Debug\TuioDemo.exe" /INCREMENTAL:NO /NOLOGO /LIBPATH:.\sdl\lib glut32.lib opengl32.lib glu32.lib sdl.lib sdlmain.lib atlsd.lib ws2_32.lib winmm.lib msvcrtd.lib libcpmtd.lib opencv_calib3d243d.lib opencv_contrib243d.lib opencv_core243d.lib opencv_features2d243d.lib opencv_flann243d.lib opencv_gpu243d.lib opencv_haartraining_engined.lib opencv_highgui243d.lib opencv_imgproc243d.lib opencv_legacy243d.lib opencv_ml243d.lib opencv_nonfree243d.lib opencv_objdetect243d.lib opencv_photo243d.lib opencv_stitching243d.lib opencv_ts243d.lib opencv_video243d.lib opencv_videostab243d.lib kernel32.lib user32.lib gdi32.lib winspool.lib comdlg32.lib advapi32.lib shell32.lib ole32.lib oleaut32.lib uuid.lib odbc32.lib odbccp32.lib /NODEFAULTLIB /MANIFEST /ManifestFile:"Debug\TuioDemo\TuioDemo.exe.intermediate.manifest" /MANIFESTUAC:"level='asInvoker' uiAccess='false'" /DEBUG /PDB:"Debug\TuioDemo.pdb" /SUBSYSTEM:CONSOLE /TLBID:1 /DYNAMICBASE /NXCOMPAT /IMPLIB:"Debug\TuioDemo.lib" /MACHINE:X86 Debug\TuioDemo\TuioDemo.obj
         Debug\TuioDemo\NetworkingUtils.obj
         Debug\TuioDemo\OscPrintReceivedElements.obj
         Debug\TuioDemo\OscReceivedElements.obj
         Debug\TuioDemo\OscTypes.obj
         Debug\TuioDemo\UdpSocket.obj
         Debug\TuioDemo\TuioClient.obj
         Debug\TuioDemo\TuioTime.obj
     1>TuioDemo.obj : warning LNK4075: ignoring '/EDITANDCONTINUE' due to '/INCREMENTAL:NO' specification
         TuioDemo.vcxproj -> C:\Users\ifeiyuyu\Documents\TUIO_CPP\Debug\TuioDemo.exe
       Manifest:
         C:\Program Files (x86)\Microsoft SDKs\Windows\v7.0A\bin\mt.exe /nologo /verbose /outputresource:"Debug\TuioDemo.exe;#1" /manifest Debug\TuioDemo\TuioDemo.exe.intermediate.manifest
       FinalizeBuildStatus:
         Deleting file "Debug\TuioDemo\TuioDemo.unsuccessfulbuild".
         Touching "Debug\TuioDemo\TuioDemo.lastbuildstate".
     1>Done Building Project "C:\Users\ifeiyuyu\Documents\TUIO_CPP\TuioDemo.vcxproj" (build target(s)).

Build succeeded.

Time Elapsed 00:00:03.86
