C:\USERS\IFEIYUYU\DOCUMENTS\TUIO_CPP\DEBUG\TUIODEMO.EXE
C:\USERS\IFEIYUYU\DOCUMENTS\TUIO_CPP\DEBUG\TUIODEMO.PDB
C:\Users\ifeiyuyu\Documents\TUIO_CPP\Debug\TuioDemo\cl.command.1.tlog
C:\Users\ifeiyuyu\Documents\TUIO_CPP\Debug\TuioDemo\CL.read.1.tlog
C:\Users\ifeiyuyu\Documents\TUIO_CPP\Debug\TuioDemo\CL.write.1.tlog
C:\Users\ifeiyuyu\Documents\TUIO_CPP\Debug\TuioDemo\link.command.1.tlog
C:\Users\ifeiyuyu\Documents\TUIO_CPP\Debug\TuioDemo\link.read.1.tlog
C:\Users\ifeiyuyu\Documents\TUIO_CPP\Debug\TuioDemo\link.write.1.tlog
C:\Users\ifeiyuyu\Documents\TUIO_CPP\Debug\TuioDemo\mt.command.1.tlog
C:\Users\ifeiyuyu\Documents\TUIO_CPP\Debug\TuioDemo\mt.read.1.tlog
C:\Users\ifeiyuyu\Documents\TUIO_CPP\Debug\TuioDemo\mt.write.1.tlog
C:\USERS\IFEIYUYU\DOCUMENTS\TUIO_CPP\DEBUG\TUIODEMO\NETWORKINGUTILS.OBJ
C:\USERS\IFEIYUYU\DOCUMENTS\TUIO_CPP\DEBUG\TUIODEMO\OSCPRINTRECEIVEDELEMENTS.OBJ
C:\USERS\IFEIYUYU\DOCUMENTS\TUIO_CPP\DEBUG\TUIODEMO\OSCRECEIVEDELEMENTS.OBJ
C:\USERS\IFEIYUYU\DOCUMENTS\TUIO_CPP\DEBUG\TUIODEMO\OSCTYPES.OBJ
C:\USERS\IFEIYUYU\DOCUMENTS\TUIO_CPP\DEBUG\TUIODEMO\TUIOCLIENT.OBJ
C:\USERS\IFEIYUYU\DOCUMENTS\TUIO_CPP\DEBUG\TUIODEMO\TUIODEMO.EXE.INTERMEDIATE.MANIFEST
C:\USERS\IFEIYUYU\DOCUMENTS\TUIO_CPP\DEBUG\TUIODEMO\TUIODEMO.OBJ
C:\Users\ifeiyuyu\Documents\TUIO_CPP\Debug\TuioDemo\TuioDemo.write.1.tlog
C:\USERS\IFEIYUYU\DOCUMENTS\TUIO_CPP\DEBUG\TUIODEMO\TUIOTIME.OBJ
C:\USERS\IFEIYUYU\DOCUMENTS\TUIO_CPP\DEBUG\TUIODEMO\UDPSOCKET.OBJ
C:\Users\ifeiyuyu\Documents\TUIO_CPP\Debug\TuioDemo\vc100.idb
C:\USERS\IFEIYUYU\DOCUMENTS\TUIO_CPP\DEBUG\TUIODEMO\VC100.PDB
Debug\TuioDemo.pdb
