C:\USERS\IFEIYUYU\DOCUMENTS\TUIO_CPP\DEBUG\SIMPLESIMULATOR.EXE
C:\USERS\IFEIYUYU\DOCUMENTS\TUIO_CPP\DEBUG\SIMPLESIMULATOR.PDB
C:\Users\ifeiyuyu\Documents\TUIO_CPP\Debug\SimpleSimulator\cl.command.1.tlog
C:\Users\ifeiyuyu\Documents\TUIO_CPP\Debug\SimpleSimulator\CL.read.1.tlog
C:\Users\ifeiyuyu\Documents\TUIO_CPP\Debug\SimpleSimulator\CL.write.1.tlog
C:\Users\ifeiyuyu\Documents\TUIO_CPP\Debug\SimpleSimulator\link.command.1.tlog
C:\Users\ifeiyuyu\Documents\TUIO_CPP\Debug\SimpleSimulator\link.read.1.tlog
C:\Users\ifeiyuyu\Documents\TUIO_CPP\Debug\SimpleSimulator\link.write.1.tlog
C:\Users\ifeiyuyu\Documents\TUIO_CPP\Debug\SimpleSimulator\mt.command.1.tlog
C:\Users\ifeiyuyu\Documents\TUIO_CPP\Debug\SimpleSimulator\mt.read.1.tlog
C:\Users\ifeiyuyu\Documents\TUIO_CPP\Debug\SimpleSimulator\mt.write.1.tlog
C:\USERS\IFEIYUYU\DOCUMENTS\TUIO_CPP\DEBUG\SIMPLESIMULATOR\NETWORKINGUTILS.OBJ
C:\USERS\IFEIYUYU\DOCUMENTS\TUIO_CPP\DEBUG\SIMPLESIMULATOR\OSCOUTBOUNDPACKETSTREAM.OBJ
C:\USERS\IFEIYUYU\DOCUMENTS\TUIO_CPP\DEBUG\SIMPLESIMULATOR\OSCTYPES.OBJ
C:\USERS\IFEIYUYU\DOCUMENTS\TUIO_CPP\DEBUG\SIMPLESIMULATOR\SIMPLESIMULATOR.EXE.INTERMEDIATE.MANIFEST
C:\USERS\IFEIYUYU\DOCUMENTS\TUIO_CPP\DEBUG\SIMPLESIMULATOR\SIMPLESIMULATOR.OBJ
C:\Users\ifeiyuyu\Documents\TUIO_CPP\Debug\SimpleSimulator\SimpleSimulator.write.1.tlog
C:\USERS\IFEIYUYU\DOCUMENTS\TUIO_CPP\DEBUG\SIMPLESIMULATOR\TUIOSERVER.OBJ
C:\USERS\IFEIYUYU\DOCUMENTS\TUIO_CPP\DEBUG\SIMPLESIMULATOR\TUIOTIME.OBJ
C:\USERS\IFEIYUYU\DOCUMENTS\TUIO_CPP\DEBUG\SIMPLESIMULATOR\UDPSOCKET.OBJ
C:\Users\ifeiyuyu\Documents\TUIO_CPP\Debug\SimpleSimulator\vc100.idb
C:\USERS\IFEIYUYU\DOCUMENTS\TUIO_CPP\DEBUG\SIMPLESIMULATOR\VC100.PDB
Debug\SimpleSimulator.pdb
