Build started 8/5/2014 5:15:57 PM.
     1>Project "C:\Users\ifeiyuyu\Documents\TUIO_CPP\SimpleSimulator.vcxproj" on node 2 (build target(s)).
     1>InitializeBuildStatus:
         Creating "Debug\SimpleSimulator\SimpleSimulator.unsuccessfulbuild" because "AlwaysCreate" was specified.
       ClCompile:
         C:\Program Files (x86)\Microsoft Visual Studio 10.0\VC\bin\CL.exe /c /I.\TUIO /I.\sdl\include /I.\oscpack /ZI /nologo /W2 /WX- /Od /Oy- /D WIN32 /D _DEBUG /D _CONSOLE /D ENDIANESS=OSC_HOST_LITTLE_ENDIAN /D _VC80_UPGRADE=0x0710 /D _MBCS /Gm /EHsc /RTC1 /MTd /GS /fp:precise /Zc:wchar_t /Zc:forScope /Fo"Debug\SimpleSimulator\\" /Fd"Debug\SimpleSimulator\vc100.pdb" /Gd /TP /analyze- /errorReport:prompt SimpleSimulator.cpp oscpack\ip\win32\NetworkingUtils.cpp oscpack\osc\OscOutboundPacketStream.cpp oscpack\osc\OscTypes.cpp oscpack\ip\win32\UdpSocket.cpp TUIO\TuioServer.cpp TUIO\TuioTime.cpp
         TuioTime.cpp
         TuioServer.cpp
         UdpSocket.cpp
         OscTypes.cpp
         OscOutboundPacketStream.cpp
         NetworkingUtils.cpp
         SimpleSimulator.cpp
         Generating Code...
       Link:
         C:\Program Files (x86)\Microsoft Visual Studio 10.0\VC\bin\link.exe /ERRORREPORT:PROMPT /OUT:"Debug\SimpleSimulator.exe" /INCREMENTAL:NO /NOLOGO /LIBPATH:.\sdl\lib glut32.lib opengl32.lib glu32.lib sdl.lib sdlmain.lib atlsd.lib ws2_32.lib winmm.lib msvcrtd.lib libcpmtd.lib opencv_calib3d243d.lib opencv_contrib243d.lib opencv_core243d.lib opencv_features2d243d.lib opencv_flann243d.lib opencv_gpu243d.lib opencv_haartraining_engined.lib opencv_highgui243d.lib opencv_imgproc243d.lib opencv_legacy243d.lib opencv_ml243d.lib opencv_nonfree243d.lib opencv_objdetect243d.lib opencv_photo243d.lib opencv_stitching243d.lib opencv_ts243d.lib opencv_video243d.lib opencv_videostab243d.lib kernel32.lib user32.lib gdi32.lib winspool.lib comdlg32.lib advapi32.lib shell32.lib ole32.lib oleaut32.lib uuid.lib odbc32.lib odbccp32.lib /NODEFAULTLIB /MANIFEST /ManifestFile:"Debug\SimpleSimulator\SimpleSimulator.exe.intermediate.manifest" /MANIFESTUAC:"level='asInvoker' uiAccess='false'" /DEBUG /PDB:"Debug\SimpleSimulator.pdb" /SUBSYSTEM:CONSOLE /TLBID:1 /DYNAMICBASE /NXCOMPAT /IMPLIB:"Debug\SimpleSimulator.lib" /MACHINE:X86 Debug\SimpleSimulator\SimpleSimulator.obj
         Debug\SimpleSimulator\NetworkingUtils.obj
         Debug\SimpleSimulator\OscOutboundPacketStream.obj
         Debug\SimpleSimulator\OscTypes.obj
         Debug\SimpleSimulator\UdpSocket.obj
         Debug\SimpleSimulator\TuioServer.obj
         Debug\SimpleSimulator\TuioTime.obj
     1>SimpleSimulator.obj : warning LNK4075: ignoring '/EDITANDCONTINUE' due to '/INCREMENTAL:NO' specification
         SimpleSimulator.vcxproj -> C:\Users\ifeiyuyu\Documents\TUIO_CPP\Debug\SimpleSimulator.exe
       Manifest:
         C:\Program Files (x86)\Microsoft SDKs\Windows\v7.0A\bin\mt.exe /nologo /verbose /outputresource:"Debug\SimpleSimulator.exe;#1" /manifest Debug\SimpleSimulator\SimpleSimulator.exe.intermediate.manifest
       FinalizeBuildStatus:
         Deleting file "Debug\SimpleSimulator\SimpleSimulator.unsuccessfulbuild".
         Touching "Debug\SimpleSimulator\SimpleSimulator.lastbuildstate".
     1>Done Building Project "C:\Users\ifeiyuyu\Documents\TUIO_CPP\SimpleSimulator.vcxproj" (build target(s)).

Build succeeded.

Time Elapsed 00:00:03.56
