C:\USERS\IFEIYUYU\DOCUMENTS\TUIO_CPP\DEBUG\TUIO_CPP.PDB
C:\USERS\IFEIYUYU\DOCUMENTS\TUIO_CPP\DEBUG\TUIODUMP.EXE
C:\Users\ifeiyuyu\Documents\TUIO_CPP\Debug\TuioDump\cl.command.1.tlog
C:\Users\ifeiyuyu\Documents\TUIO_CPP\Debug\TuioDump\CL.read.1.tlog
C:\Users\ifeiyuyu\Documents\TUIO_CPP\Debug\TuioDump\CL.write.1.tlog
C:\Users\ifeiyuyu\Documents\TUIO_CPP\Debug\TuioDump\link.command.1.tlog
C:\Users\ifeiyuyu\Documents\TUIO_CPP\Debug\TuioDump\link.read.1.tlog
C:\Users\ifeiyuyu\Documents\TUIO_CPP\Debug\TuioDump\link.write.1.tlog
C:\Users\ifeiyuyu\Documents\TUIO_CPP\Debug\TuioDump\mt.command.1.tlog
C:\Users\ifeiyuyu\Documents\TUIO_CPP\Debug\TuioDump\mt.read.1.tlog
C:\Users\ifeiyuyu\Documents\TUIO_CPP\Debug\TuioDump\mt.write.1.tlog
C:\USERS\IFEIYUYU\DOCUMENTS\TUIO_CPP\DEBUG\TUIODUMP\NETWORKINGUTILS.OBJ
C:\USERS\IFEIYUYU\DOCUMENTS\TUIO_CPP\DEBUG\TUIODUMP\OSCOUTBOUNDPACKETSTREAM.OBJ
C:\USERS\IFEIYUYU\DOCUMENTS\TUIO_CPP\DEBUG\TUIODUMP\OSCPRINTRECEIVEDELEMENTS.OBJ
C:\USERS\IFEIYUYU\DOCUMENTS\TUIO_CPP\DEBUG\TUIODUMP\OSCRECEIVEDELEMENTS.OBJ
C:\USERS\IFEIYUYU\DOCUMENTS\TUIO_CPP\DEBUG\TUIODUMP\OSCTYPES.OBJ
C:\USERS\IFEIYUYU\DOCUMENTS\TUIO_CPP\DEBUG\TUIODUMP\TUIOCLIENT.OBJ
C:\USERS\IFEIYUYU\DOCUMENTS\TUIO_CPP\DEBUG\TUIODUMP\TUIODUMP.EXE.INTERMEDIATE.MANIFEST
C:\USERS\IFEIYUYU\DOCUMENTS\TUIO_CPP\DEBUG\TUIODUMP\TUIODUMP.OBJ
C:\Users\ifeiyuyu\Documents\TUIO_CPP\Debug\TuioDump\TuioDump.write.1.tlog
C:\USERS\IFEIYUYU\DOCUMENTS\TUIO_CPP\DEBUG\TUIODUMP\TUIOSERVER.OBJ
C:\USERS\IFEIYUYU\DOCUMENTS\TUIO_CPP\DEBUG\TUIODUMP\TUIOTIME.OBJ
C:\USERS\IFEIYUYU\DOCUMENTS\TUIO_CPP\DEBUG\TUIODUMP\UDPSOCKET.OBJ
C:\Users\ifeiyuyu\Documents\TUIO_CPP\Debug\TuioDump\vc100.idb
C:\USERS\IFEIYUYU\DOCUMENTS\TUIO_CPP\DEBUG\TUIODUMP\VC100.PDB
